mode: atomic
github.com/huberp/yaml2env/main.go:16.13,18.38 2 0
github.com/huberp/yaml2env/main.go:18.38,21.3 2 0
github.com/huberp/yaml2env/cmd/root.go:31.13,34.2 2 0
github.com/huberp/yaml2env/cmd/root.go:37.37,42.2 4 0
github.com/huberp/yaml2env/cmd/root.go:45.22,47.2 1 0
github.com/huberp/yaml2env/cmd/root.go:49.58,53.16 3 0
github.com/huberp/yaml2env/cmd/root.go:53.16,55.3 1 0
github.com/huberp/yaml2env/cmd/root.go:57.2,58.16 2 0
github.com/huberp/yaml2env/cmd/root.go:58.16,60.3 1 0
github.com/huberp/yaml2env/cmd/root.go:62.2,63.16 2 0
github.com/huberp/yaml2env/cmd/root.go:63.16,65.3 1 0
github.com/huberp/yaml2env/cmd/root.go:67.2,68.12 2 0
github.com/huberp/yaml2env/internal/converter/converter.go:17.66,19.55 2 5
github.com/huberp/yaml2env/internal/converter/converter.go:19.55,21.3 1 1
github.com/huberp/yaml2env/internal/converter/converter.go:23.2,25.21 3 4
github.com/huberp/yaml2env/internal/converter/converter.go:29.84,30.26 1 13
github.com/huberp/yaml2env/internal/converter/converter.go:31.30,32.29 1 5
github.com/huberp/yaml2env/internal/converter/converter.go:32.29,35.4 2 7
github.com/huberp/yaml2env/internal/converter/converter.go:36.21,37.27 1 1
github.com/huberp/yaml2env/internal/converter/converter.go:37.27,40.4 2 2
github.com/huberp/yaml2env/internal/converter/converter.go:41.10,45.5 1 7
github.com/huberp/yaml2env/internal/converter/converter.go:50.50,53.18 2 7
github.com/huberp/yaml2env/internal/converter/converter.go:53.18,54.19 1 5
github.com/huberp/yaml2env/internal/converter/converter.go:54.19,56.4 1 1
github.com/huberp/yaml2env/internal/converter/converter.go:57.3,57.13 1 4
github.com/huberp/yaml2env/internal/converter/converter.go:59.2,59.27 1 2
github.com/huberp/yaml2env/internal/converter/converter.go:63.73,66.36 2 5
github.com/huberp/yaml2env/internal/converter/converter.go:67.20,68.30 1 2
github.com/huberp/yaml2env/internal/converter/converter.go:68.30,70.4 1 4
github.com/huberp/yaml2env/internal/converter/converter.go:71.27,72.30 1 1
github.com/huberp/yaml2env/internal/converter/converter.go:72.30,74.4 1 2
github.com/huberp/yaml2env/internal/converter/converter.go:75.13,76.30 1 1
github.com/huberp/yaml2env/internal/converter/converter.go:76.30,78.4 1 2
github.com/huberp/yaml2env/internal/converter/converter.go:79.10,80.65 1 1
github.com/huberp/yaml2env/internal/converter/converter.go:83.2,83.25 1 4
github.com/huberp/yaml2env/internal/converter/converter.go:87.41,89.2 1 9
